mode: set
interview_bootcamp/repository/bootcamp_repository.go:21.67,23.16 2 0
interview_bootcamp/repository/bootcamp_repository.go:23.16,25.3 1 0
interview_bootcamp/repository/bootcamp_repository.go:26.2,26.12 1 0
interview_bootcamp/repository/bootcamp_repository.go:28.77,31.16 3 0
interview_bootcamp/repository/bootcamp_repository.go:31.16,33.3 1 0
interview_bootcamp/repository/bootcamp_repository.go:34.2,34.22 1 0
interview_bootcamp/repository/bootcamp_repository.go:37.73,42.2 3 0
interview_bootcamp/repository/bootcamp_repository.go:45.63,47.16 2 0
interview_bootcamp/repository/bootcamp_repository.go:47.16,49.3 1 0
interview_bootcamp/repository/bootcamp_repository.go:50.2,51.18 2 0
interview_bootcamp/repository/bootcamp_repository.go:51.18,54.17 3 0
interview_bootcamp/repository/bootcamp_repository.go:54.17,56.4 1 0
interview_bootcamp/repository/bootcamp_repository.go:57.3,57.42 1 0
interview_bootcamp/repository/bootcamp_repository.go:59.2,59.23 1 0
interview_bootcamp/repository/bootcamp_repository.go:61.69,65.16 4 0
interview_bootcamp/repository/bootcamp_repository.go:65.16,67.3 1 0
interview_bootcamp/repository/bootcamp_repository.go:68.2,68.22 1 0
interview_bootcamp/repository/bootcamp_repository.go:71.67,73.16 2 0
interview_bootcamp/repository/bootcamp_repository.go:73.16,75.3 1 0
interview_bootcamp/repository/bootcamp_repository.go:76.2,76.12 1 0
interview_bootcamp/repository/bootcamp_repository.go:79.54,81.16 2 0
interview_bootcamp/repository/bootcamp_repository.go:81.16,83.3 1 0
interview_bootcamp/repository/bootcamp_repository.go:84.2,84.12 1 0
interview_bootcamp/repository/bootcamp_repository.go:86.110,90.16 4 0
interview_bootcamp/repository/bootcamp_repository.go:90.16,92.3 1 0
interview_bootcamp/repository/bootcamp_repository.go:93.2,94.18 2 0
interview_bootcamp/repository/bootcamp_repository.go:94.18,97.17 3 0
interview_bootcamp/repository/bootcamp_repository.go:97.17,99.4 1 0
interview_bootcamp/repository/bootcamp_repository.go:100.3,100.42 1 0
interview_bootcamp/repository/bootcamp_repository.go:104.2,107.16 4 0
interview_bootcamp/repository/bootcamp_repository.go:107.16,109.3 1 0
interview_bootcamp/repository/bootcamp_repository.go:111.2,111.95 1 0
interview_bootcamp/repository/bootcamp_repository.go:114.59,116.2 1 0
interview_bootcamp/repository/candidate_respository.go:21.69,23.16 2 1
interview_bootcamp/repository/candidate_respository.go:23.16,25.3 1 1
interview_bootcamp/repository/candidate_respository.go:26.2,26.12 1 1
interview_bootcamp/repository/candidate_respository.go:31.93,34.16 3 1
interview_bootcamp/repository/candidate_respository.go:34.16,36.3 1 1
interview_bootcamp/repository/candidate_respository.go:37.2,37.23 1 1
interview_bootcamp/repository/candidate_respository.go:40.65,42.16 2 1
interview_bootcamp/repository/candidate_respository.go:42.16,44.3 1 1
interview_bootcamp/repository/candidate_respository.go:45.2,46.18 2 1
interview_bootcamp/repository/candidate_respository.go:46.18,49.17 3 1
interview_bootcamp/repository/candidate_respository.go:49.17,51.4 1 0
interview_bootcamp/repository/candidate_respository.go:52.3,52.45 1 1
interview_bootcamp/repository/candidate_respository.go:54.2,54.24 1 1
interview_bootcamp/repository/candidate_respository.go:57.71,61.16 4 1
interview_bootcamp/repository/candidate_respository.go:61.16,63.3 1 1
interview_bootcamp/repository/candidate_respository.go:64.2,64.23 1 1
interview_bootcamp/repository/candidate_respository.go:68.81,71.16 3 1
interview_bootcamp/repository/candidate_respository.go:71.16,73.3 1 1
interview_bootcamp/repository/candidate_respository.go:74.2,74.23 1 1
interview_bootcamp/repository/candidate_respository.go:78.69,80.16 2 1
interview_bootcamp/repository/candidate_respository.go:80.16,82.3 1 1
interview_bootcamp/repository/candidate_respository.go:83.2,85.12 2 1
interview_bootcamp/repository/candidate_respository.go:88.55,90.16 2 1
interview_bootcamp/repository/candidate_respository.go:90.16,92.3 1 1
interview_bootcamp/repository/candidate_respository.go:93.2,93.12 1 1
interview_bootcamp/repository/candidate_respository.go:96.112,99.16 3 1
interview_bootcamp/repository/candidate_respository.go:99.16,101.3 1 1
interview_bootcamp/repository/candidate_respository.go:102.2,103.18 2 1
interview_bootcamp/repository/candidate_respository.go:103.18,106.17 3 1
interview_bootcamp/repository/candidate_respository.go:106.17,108.4 1 0
interview_bootcamp/repository/candidate_respository.go:109.3,109.45 1 1
interview_bootcamp/repository/candidate_respository.go:112.2,115.16 4 1
interview_bootcamp/repository/candidate_respository.go:115.16,117.3 1 1
interview_bootcamp/repository/candidate_respository.go:119.2,119.96 1 1
interview_bootcamp/repository/candidate_respository.go:124.61,126.2 1 1
interview_bootcamp/repository/interview_result_respository.go:18.97,20.16 2 0
interview_bootcamp/repository/interview_result_respository.go:20.16,22.3 1 0
interview_bootcamp/repository/interview_result_respository.go:23.2,23.12 1 0
interview_bootcamp/repository/interview_result_respository.go:27.103,30.16 3 0
interview_bootcamp/repository/interview_result_respository.go:30.16,32.3 1 0
interview_bootcamp/repository/interview_result_respository.go:33.2,33.29 1 0
interview_bootcamp/repository/interview_result_respository.go:37.93,39.16 2 0
interview_bootcamp/repository/interview_result_respository.go:39.16,41.3 1 0
interview_bootcamp/repository/interview_result_respository.go:43.2,44.18 2 0
interview_bootcamp/repository/interview_result_respository.go:44.18,47.17 3 0
interview_bootcamp/repository/interview_result_respository.go:47.17,49.4 1 0
interview_bootcamp/repository/interview_result_respository.go:50.3,50.63 1 0
interview_bootcamp/repository/interview_result_respository.go:53.2,53.30 1 0
interview_bootcamp/repository/interview_result_respository.go:57.97,59.16 2 0
interview_bootcamp/repository/interview_result_respository.go:59.16,61.3 1 0
interview_bootcamp/repository/interview_result_respository.go:63.2,63.12 1 0
interview_bootcamp/repository/interview_result_respository.go:67.77,69.16 2 0
interview_bootcamp/repository/interview_result_respository.go:69.16,71.3 1 0
interview_bootcamp/repository/interview_result_respository.go:72.2,72.12 1 0
interview_bootcamp/repository/interview_result_respository.go:77.69,79.2 1 0
interview_bootcamp/repository/interviewer_repository.go:16.73,18.16 2 0
interview_bootcamp/repository/interviewer_repository.go:18.16,20.3 1 0
interview_bootcamp/repository/interviewer_repository.go:21.2,21.12 1 0
interview_bootcamp/repository/interviewer_repository.go:24.69,29.16 2 0
interview_bootcamp/repository/interviewer_repository.go:29.16,31.3 1 0
interview_bootcamp/repository/interviewer_repository.go:32.2,35.18 3 0
interview_bootcamp/repository/interviewer_repository.go:35.18,42.17 3 0
interview_bootcamp/repository/interviewer_repository.go:42.17,44.4 1 0
interview_bootcamp/repository/interviewer_repository.go:45.3,45.51 1 0
interview_bootcamp/repository/interviewer_repository.go:47.2,47.26 1 0
interview_bootcamp/repository/interviewer_repository.go:50.75,57.16 3 0
interview_bootcamp/repository/interviewer_repository.go:57.16,59.3 1 0
interview_bootcamp/repository/interviewer_repository.go:60.2,60.25 1 0
interview_bootcamp/repository/interviewer_repository.go:64.73,66.16 2 0
interview_bootcamp/repository/interviewer_repository.go:66.16,68.3 1 0
interview_bootcamp/repository/interviewer_repository.go:69.2,69.12 1 0
interview_bootcamp/repository/interviewer_repository.go:72.57,74.16 2 0
interview_bootcamp/repository/interviewer_repository.go:74.16,76.3 1 0
interview_bootcamp/repository/interviewer_repository.go:77.2,77.12 1 0
interview_bootcamp/repository/interviewer_repository.go:82.65,84.2 1 0
interview_bootcamp/repository/resume_repository.go:20.63,26.2 2 0
interview_bootcamp/repository/resume_repository.go:28.65,35.2 3 0
interview_bootcamp/repository/resume_repository.go:37.52,40.2 2 0
interview_bootcamp/repository/resume_repository.go:42.63,48.2 2 0
interview_bootcamp/repository/resume_repository.go:50.55,52.2 1 0
interview_bootcamp/repository/status_repository.go:20.63,22.16 2 0
interview_bootcamp/repository/status_repository.go:22.16,24.3 1 0
interview_bootcamp/repository/status_repository.go:25.2,25.12 1 0
interview_bootcamp/repository/status_repository.go:27.73,30.16 3 0
interview_bootcamp/repository/status_repository.go:30.16,32.3 1 0
interview_bootcamp/repository/status_repository.go:33.2,33.20 1 0
interview_bootcamp/repository/status_repository.go:35.59,37.16 2 0
interview_bootcamp/repository/status_repository.go:37.16,39.3 1 0
interview_bootcamp/repository/status_repository.go:40.2,41.18 2 0
interview_bootcamp/repository/status_repository.go:41.18,44.17 3 0
interview_bootcamp/repository/status_repository.go:44.17,46.4 1 0
interview_bootcamp/repository/status_repository.go:47.3,47.36 1 0
interview_bootcamp/repository/status_repository.go:49.2,49.21 1 0
interview_bootcamp/repository/status_repository.go:51.65,55.16 4 0
interview_bootcamp/repository/status_repository.go:55.16,57.3 1 0
interview_bootcamp/repository/status_repository.go:58.2,58.20 1 0
interview_bootcamp/repository/status_repository.go:60.63,62.16 2 0
interview_bootcamp/repository/status_repository.go:62.16,64.3 1 0
interview_bootcamp/repository/status_repository.go:65.2,65.12 1 0
interview_bootcamp/repository/status_repository.go:67.52,69.16 2 0
interview_bootcamp/repository/status_repository.go:69.16,71.3 1 0
interview_bootcamp/repository/status_repository.go:72.2,72.12 1 0
interview_bootcamp/repository/status_repository.go:74.106,78.16 4 0
interview_bootcamp/repository/status_repository.go:78.16,80.3 1 0
interview_bootcamp/repository/status_repository.go:81.2,82.18 2 0
interview_bootcamp/repository/status_repository.go:82.18,85.17 3 0
interview_bootcamp/repository/status_repository.go:85.17,87.4 1 0
interview_bootcamp/repository/status_repository.go:88.3,88.36 1 0
interview_bootcamp/repository/status_repository.go:92.2,95.16 4 0
interview_bootcamp/repository/status_repository.go:95.16,97.3 1 0
interview_bootcamp/repository/status_repository.go:99.2,99.93 1 0
interview_bootcamp/repository/status_repository.go:102.55,104.2 1 0
interview_bootcamp/repository/user_role_repository.go:17.70,20.16 2 0
interview_bootcamp/repository/user_role_repository.go:20.16,22.3 1 0
interview_bootcamp/repository/user_role_repository.go:23.2,23.12 1 0
interview_bootcamp/repository/user_role_repository.go:26.65,28.16 2 0
interview_bootcamp/repository/user_role_repository.go:28.16,30.3 1 0
interview_bootcamp/repository/user_role_repository.go:31.2,34.18 3 0
interview_bootcamp/repository/user_role_repository.go:34.18,37.17 3 0
interview_bootcamp/repository/user_role_repository.go:37.17,39.4 1 0
interview_bootcamp/repository/user_role_repository.go:40.3,40.42 1 0
interview_bootcamp/repository/user_role_repository.go:42.2,42.23 1 0
interview_bootcamp/repository/user_role_repository.go:46.71,49.16 3 0
interview_bootcamp/repository/user_role_repository.go:49.16,51.3 1 0
interview_bootcamp/repository/user_role_repository.go:52.2,52.22 1 0
interview_bootcamp/repository/user_role_repository.go:57.79,61.16 3 0
interview_bootcamp/repository/user_role_repository.go:61.16,63.3 1 0
interview_bootcamp/repository/user_role_repository.go:64.2,64.22 1 0
interview_bootcamp/repository/user_role_repository.go:67.70,70.16 2 0
interview_bootcamp/repository/user_role_repository.go:70.16,72.3 1 0
interview_bootcamp/repository/user_role_repository.go:73.2,73.12 1 0
interview_bootcamp/repository/user_role_repository.go:76.55,78.16 2 0
interview_bootcamp/repository/user_role_repository.go:78.16,80.3 1 0
interview_bootcamp/repository/user_role_repository.go:81.2,81.12 1 0
interview_bootcamp/repository/user_role_repository.go:85.61,87.2 1 0
interview_bootcamp/repository/users_repository.go:22.57,25.16 2 0
interview_bootcamp/repository/users_repository.go:25.16,27.3 1 0
interview_bootcamp/repository/users_repository.go:28.2,28.12 1 0
interview_bootcamp/repository/users_repository.go:31.56,36.16 2 0
interview_bootcamp/repository/users_repository.go:36.16,38.3 1 0
interview_bootcamp/repository/users_repository.go:39.2,42.18 3 0
interview_bootcamp/repository/users_repository.go:42.18,45.17 3 0
interview_bootcamp/repository/users_repository.go:45.17,47.4 1 0
interview_bootcamp/repository/users_repository.go:48.3,48.30 1 0
interview_bootcamp/repository/users_repository.go:50.2,50.19 1 0
interview_bootcamp/repository/users_repository.go:53.62,66.16 3 0
interview_bootcamp/repository/users_repository.go:66.16,68.3 1 0
interview_bootcamp/repository/users_repository.go:69.2,69.18 1 0
interview_bootcamp/repository/users_repository.go:72.72,86.16 3 0
interview_bootcamp/repository/users_repository.go:86.16,88.3 1 0
interview_bootcamp/repository/users_repository.go:89.2,89.18 1 0
interview_bootcamp/repository/users_repository.go:92.78,106.16 3 0
interview_bootcamp/repository/users_repository.go:106.16,108.3 1 0
interview_bootcamp/repository/users_repository.go:109.2,109.18 1 0
interview_bootcamp/repository/users_repository.go:112.60,117.16 2 0
interview_bootcamp/repository/users_repository.go:117.16,119.3 1 0
interview_bootcamp/repository/users_repository.go:120.2,120.12 1 0
interview_bootcamp/repository/users_repository.go:123.50,125.16 2 0
interview_bootcamp/repository/users_repository.go:125.16,127.3 1 0
interview_bootcamp/repository/users_repository.go:128.2,128.12 1 0
interview_bootcamp/repository/users_repository.go:131.101,134.16 2 0
interview_bootcamp/repository/users_repository.go:134.16,136.3 1 0
interview_bootcamp/repository/users_repository.go:138.2,139.16 2 0
interview_bootcamp/repository/users_repository.go:139.16,141.3 1 0
interview_bootcamp/repository/users_repository.go:143.2,143.18 1 0
interview_bootcamp/repository/users_repository.go:146.51,148.2 1 0
interview_bootcamp/usecase/auth_usecase.go:17.79,19.16 2 0
interview_bootcamp/usecase/auth_usecase.go:19.16,21.3 1 0
interview_bootcamp/usecase/auth_usecase.go:23.2,27.16 4 0
interview_bootcamp/usecase/auth_usecase.go:27.16,29.3 1 0
interview_bootcamp/usecase/auth_usecase.go:30.2,30.19 1 0
interview_bootcamp/usecase/auth_usecase.go:33.79,35.2 1 0
interview_bootcamp/usecase/bootcamp_usecase.go:22.77,23.120 1 0
interview_bootcamp/usecase/bootcamp_usecase.go:23.120,25.3 1 0
interview_bootcamp/usecase/bootcamp_usecase.go:26.2,27.43 2 0
interview_bootcamp/usecase/bootcamp_usecase.go:27.43,29.3 1 0
interview_bootcamp/usecase/bootcamp_usecase.go:30.2,31.16 2 0
interview_bootcamp/usecase/bootcamp_usecase.go:31.16,33.3 1 0
interview_bootcamp/usecase/bootcamp_usecase.go:34.2,34.12 1 0
interview_bootcamp/usecase/bootcamp_usecase.go:37.78,39.16 2 0
interview_bootcamp/usecase/bootcamp_usecase.go:39.16,41.3 1 0
interview_bootcamp/usecase/bootcamp_usecase.go:42.2,42.22 1 0
interview_bootcamp/usecase/bootcamp_usecase.go:46.115,48.2 1 0
interview_bootcamp/usecase/bootcamp_usecase.go:50.79,52.16 2 0
interview_bootcamp/usecase/bootcamp_usecase.go:52.16,54.3 1 0
interview_bootcamp/usecase/bootcamp_usecase.go:55.2,55.22 1 0
interview_bootcamp/usecase/bootcamp_usecase.go:57.72,58.120 1 0
interview_bootcamp/usecase/bootcamp_usecase.go:58.120,60.3 1 0
interview_bootcamp/usecase/bootcamp_usecase.go:62.2,63.16 2 0
interview_bootcamp/usecase/bootcamp_usecase.go:63.16,65.3 1 0
interview_bootcamp/usecase/bootcamp_usecase.go:67.2,67.12 1 0
interview_bootcamp/usecase/bootcamp_usecase.go:69.59,71.16 2 0
interview_bootcamp/usecase/bootcamp_usecase.go:71.16,73.3 1 0
interview_bootcamp/usecase/bootcamp_usecase.go:75.2,76.16 2 0
interview_bootcamp/usecase/bootcamp_usecase.go:76.16,78.3 1 0
interview_bootcamp/usecase/bootcamp_usecase.go:79.2,79.12 1 0
interview_bootcamp/usecase/bootcamp_usecase.go:81.77,83.2 1 0
interview_bootcamp/usecase/candidate_usecase.go:29.80,31.99 1 1
interview_bootcamp/usecase/candidate_usecase.go:31.99,33.3 1 1
interview_bootcamp/usecase/candidate_usecase.go:36.2,37.50 2 1
interview_bootcamp/usecase/candidate_usecase.go:37.50,39.3 1 1
interview_bootcamp/usecase/candidate_usecase.go:42.2,43.50 2 1
interview_bootcamp/usecase/candidate_usecase.go:43.50,45.3 1 1
interview_bootcamp/usecase/candidate_usecase.go:47.2,48.16 2 1
interview_bootcamp/usecase/candidate_usecase.go:48.16,50.3 1 0
interview_bootcamp/usecase/candidate_usecase.go:52.2,53.16 2 0
interview_bootcamp/usecase/candidate_usecase.go:53.16,55.3 1 0
interview_bootcamp/usecase/candidate_usecase.go:56.2,56.12 1 0
interview_bootcamp/usecase/candidate_usecase.go:60.118,62.2 1 1
interview_bootcamp/usecase/candidate_usecase.go:65.82,67.16 2 1
interview_bootcamp/usecase/candidate_usecase.go:67.16,69.3 1 1
interview_bootcamp/usecase/candidate_usecase.go:70.2,70.23 1 1
interview_bootcamp/usecase/candidate_usecase.go:74.61,76.16 2 1
interview_bootcamp/usecase/candidate_usecase.go:76.16,78.3 1 1
interview_bootcamp/usecase/candidate_usecase.go:80.2,81.16 2 1
interview_bootcamp/usecase/candidate_usecase.go:81.16,83.3 1 1
interview_bootcamp/usecase/candidate_usecase.go:86.2,90.16 3 1
interview_bootcamp/usecase/candidate_usecase.go:90.16,92.3 1 1
interview_bootcamp/usecase/candidate_usecase.go:93.2,93.12 1 0
interview_bootcamp/usecase/candidate_usecase.go:97.75,99.25 1 1
interview_bootcamp/usecase/candidate_usecase.go:99.25,101.3 1 1
interview_bootcamp/usecase/candidate_usecase.go:103.2,104.16 2 1
interview_bootcamp/usecase/candidate_usecase.go:104.16,106.3 1 0
interview_bootcamp/usecase/candidate_usecase.go:108.2,109.16 2 0
interview_bootcamp/usecase/candidate_usecase.go:109.16,111.3 1 0
interview_bootcamp/usecase/candidate_usecase.go:113.2,113.12 1 0
interview_bootcamp/usecase/candidate_usecase.go:116.143,122.2 1 1
interview_bootcamp/usecase/interview_result_usecase.go:22.94,24.99 1 0
interview_bootcamp/usecase/interview_result_usecase.go:24.99,26.3 1 0
interview_bootcamp/usecase/interview_result_usecase.go:29.2,30.45 2 0
interview_bootcamp/usecase/interview_result_usecase.go:30.45,32.3 1 0
interview_bootcamp/usecase/interview_result_usecase.go:34.2,35.16 2 0
interview_bootcamp/usecase/interview_result_usecase.go:35.16,37.3 1 0
interview_bootcamp/usecase/interview_result_usecase.go:38.2,38.12 1 0
interview_bootcamp/usecase/interview_result_usecase.go:42.90,44.2 1 0
interview_bootcamp/usecase/interview_result_usecase.go:47.100,49.16 2 0
interview_bootcamp/usecase/interview_result_usecase.go:49.16,51.3 1 0
interview_bootcamp/usecase/interview_result_usecase.go:52.2,52.30 1 0
interview_bootcamp/usecase/interview_result_usecase.go:56.74,58.16 2 0
interview_bootcamp/usecase/interview_result_usecase.go:58.16,60.3 1 0
interview_bootcamp/usecase/interview_result_usecase.go:62.2,63.16 2 0
interview_bootcamp/usecase/interview_result_usecase.go:63.16,65.3 1 0
interview_bootcamp/usecase/interview_result_usecase.go:66.2,66.12 1 0
interview_bootcamp/usecase/interview_result_usecase.go:70.94,73.31 1 0
interview_bootcamp/usecase/interview_result_usecase.go:73.31,75.3 1 0
interview_bootcamp/usecase/interview_result_usecase.go:78.2,79.64 2 0
interview_bootcamp/usecase/interview_result_usecase.go:79.64,81.3 1 0
interview_bootcamp/usecase/interview_result_usecase.go:84.2,85.106 2 0
interview_bootcamp/usecase/interview_result_usecase.go:85.106,87.3 1 0
interview_bootcamp/usecase/interview_result_usecase.go:90.2,91.16 2 0
interview_bootcamp/usecase/interview_result_usecase.go:91.16,93.3 1 0
interview_bootcamp/usecase/interview_result_usecase.go:95.2,95.12 1 0
interview_bootcamp/usecase/interview_result_usecase.go:98.98,100.2 1 0
interview_bootcamp/usecase/interviewer_usecase.go:22.86,24.83 1 0
interview_bootcamp/usecase/interviewer_usecase.go:24.83,26.3 1 0
interview_bootcamp/usecase/interviewer_usecase.go:28.2,29.16 2 0
interview_bootcamp/usecase/interviewer_usecase.go:29.16,31.3 1 0
interview_bootcamp/usecase/interviewer_usecase.go:32.2,32.12 1 0
interview_bootcamp/usecase/interviewer_usecase.go:36.80,38.2 1 0
interview_bootcamp/usecase/interviewer_usecase.go:41.88,43.2 1 0
interview_bootcamp/usecase/interviewer_usecase.go:46.65,48.16 2 0
interview_bootcamp/usecase/interviewer_usecase.go:48.16,50.3 1 0
interview_bootcamp/usecase/interviewer_usecase.go:52.2,53.16 2 0
interview_bootcamp/usecase/interviewer_usecase.go:53.16,55.3 1 0
interview_bootcamp/usecase/interviewer_usecase.go:56.2,56.12 1 0
interview_bootcamp/usecase/interviewer_usecase.go:60.81,61.83 1 0
interview_bootcamp/usecase/interviewer_usecase.go:61.83,63.3 1 0
interview_bootcamp/usecase/interviewer_usecase.go:65.2,66.16 2 0
interview_bootcamp/usecase/interviewer_usecase.go:66.16,68.3 1 0
interview_bootcamp/usecase/interviewer_usecase.go:69.2,69.12 1 0
interview_bootcamp/usecase/interviewer_usecase.go:73.86,75.2 1 0
interview_bootcamp/usecase/resume_usecase.go:26.71,27.57 1 0
interview_bootcamp/usecase/resume_usecase.go:27.57,29.3 1 0
interview_bootcamp/usecase/resume_usecase.go:31.2,32.16 2 0
interview_bootcamp/usecase/resume_usecase.go:32.16,34.3 1 0
interview_bootcamp/usecase/resume_usecase.go:36.2,36.12 1 0
interview_bootcamp/usecase/resume_usecase.go:40.65,46.14 1 0
interview_bootcamp/usecase/resume_usecase.go:50.73,52.19 2 0
interview_bootcamp/usecase/resume_usecase.go:52.19,54.6 1 0
interview_bootcamp/usecase/resume_usecase.go:55.5,55.23 1 0
interview_bootcamp/usecase/resume_usecase.go:59.55,62.19 2 0
interview_bootcamp/usecase/resume_usecase.go:62.19,64.6 1 0
interview_bootcamp/usecase/resume_usecase.go:67.5,68.19 2 0
interview_bootcamp/usecase/resume_usecase.go:68.19,70.6 1 0
interview_bootcamp/usecase/resume_usecase.go:73.5,77.19 3 0
interview_bootcamp/usecase/resume_usecase.go:77.19,79.6 1 0
interview_bootcamp/usecase/resume_usecase.go:81.5,81.15 1 0
interview_bootcamp/usecase/resume_usecase.go:84.66,85.31 1 0
interview_bootcamp/usecase/resume_usecase.go:85.31,87.6 1 0
interview_bootcamp/usecase/resume_usecase.go:90.5,91.19 2 0
interview_bootcamp/usecase/resume_usecase.go:91.19,93.6 1 0
interview_bootcamp/usecase/resume_usecase.go:96.5,97.19 2 0
interview_bootcamp/usecase/resume_usecase.go:97.19,99.6 1 0
interview_bootcamp/usecase/resume_usecase.go:102.5,102.32 1 0
interview_bootcamp/usecase/resume_usecase.go:102.32,108.23 3 0
interview_bootcamp/usecase/resume_usecase.go:108.23,111.10 2 0
interview_bootcamp/usecase/resume_usecase.go:113.9,113.54 1 0
interview_bootcamp/usecase/resume_usecase.go:114.11,118.6 2 0
interview_bootcamp/usecase/resume_usecase.go:120.5,120.15 1 0
interview_bootcamp/usecase/resume_usecase.go:123.106,128.2 1 0
interview_bootcamp/usecase/status_usecase.go:22.71,23.24 1 0
interview_bootcamp/usecase/status_usecase.go:23.24,25.3 1 0
interview_bootcamp/usecase/status_usecase.go:26.2,27.40 2 0
interview_bootcamp/usecase/status_usecase.go:27.40,29.3 1 0
interview_bootcamp/usecase/status_usecase.go:30.2,31.16 2 0
interview_bootcamp/usecase/status_usecase.go:31.16,33.3 1 0
interview_bootcamp/usecase/status_usecase.go:34.2,34.12 1 0
interview_bootcamp/usecase/status_usecase.go:36.109,38.2 1 0
interview_bootcamp/usecase/status_usecase.go:39.73,41.16 2 0
interview_bootcamp/usecase/status_usecase.go:41.16,43.3 1 0
interview_bootcamp/usecase/status_usecase.go:44.2,44.20 1 0
interview_bootcamp/usecase/status_usecase.go:46.66,47.24 1 0
interview_bootcamp/usecase/status_usecase.go:47.24,49.3 1 0
interview_bootcamp/usecase/status_usecase.go:51.2,52.16 2 0
interview_bootcamp/usecase/status_usecase.go:52.16,54.3 1 0
interview_bootcamp/usecase/status_usecase.go:56.2,56.12 1 0
interview_bootcamp/usecase/status_usecase.go:58.55,60.16 2 0
interview_bootcamp/usecase/status_usecase.go:60.16,62.3 1 0
interview_bootcamp/usecase/status_usecase.go:64.2,65.16 2 0
interview_bootcamp/usecase/status_usecase.go:65.16,67.3 1 0
interview_bootcamp/usecase/status_usecase.go:68.2,68.12 1 0
interview_bootcamp/usecase/status_usecase.go:70.71,72.2 1 0
interview_bootcamp/usecase/user_role_usecase.go:21.79,23.24 1 0
interview_bootcamp/usecase/user_role_usecase.go:23.24,25.3 1 0
interview_bootcamp/usecase/user_role_usecase.go:28.2,29.42 2 0
interview_bootcamp/usecase/user_role_usecase.go:29.42,31.3 1 0
interview_bootcamp/usecase/user_role_usecase.go:33.2,34.16 2 0
interview_bootcamp/usecase/user_role_usecase.go:34.16,36.3 1 0
interview_bootcamp/usecase/user_role_usecase.go:37.2,37.12 1 0
interview_bootcamp/usecase/user_role_usecase.go:40.73,42.2 1 0
interview_bootcamp/usecase/user_role_usecase.go:44.80,46.2 1 0
interview_bootcamp/usecase/user_role_usecase.go:48.74,49.24 1 0
interview_bootcamp/usecase/user_role_usecase.go:49.24,51.3 1 0
interview_bootcamp/usecase/user_role_usecase.go:53.2,54.70 2 0
interview_bootcamp/usecase/user_role_usecase.go:54.70,56.3 1 0
interview_bootcamp/usecase/user_role_usecase.go:58.2,59.16 2 0
interview_bootcamp/usecase/user_role_usecase.go:59.16,61.3 1 0
interview_bootcamp/usecase/user_role_usecase.go:63.2,63.12 1 0
interview_bootcamp/usecase/user_role_usecase.go:67.60,69.16 2 0
interview_bootcamp/usecase/user_role_usecase.go:69.16,71.3 1 0
interview_bootcamp/usecase/user_role_usecase.go:73.2,74.16 2 0
interview_bootcamp/usecase/user_role_usecase.go:74.16,76.3 1 0
interview_bootcamp/usecase/user_role_usecase.go:77.2,77.12 1 0
interview_bootcamp/usecase/user_role_usecase.go:81.80,83.2 1 0
interview_bootcamp/usecase/users_usecase.go:26.66,28.77 1 0
interview_bootcamp/usecase/users_usecase.go:28.77,30.3 1 0
interview_bootcamp/usecase/users_usecase.go:33.2,34.71 2 0
interview_bootcamp/usecase/users_usecase.go:34.71,36.3 1 0
interview_bootcamp/usecase/users_usecase.go:39.2,40.62 2 0
interview_bootcamp/usecase/users_usecase.go:40.62,42.3 1 0
interview_bootcamp/usecase/users_usecase.go:44.2,49.16 4 0
interview_bootcamp/usecase/users_usecase.go:49.16,51.3 1 0
interview_bootcamp/usecase/users_usecase.go:53.2,53.12 1 0
interview_bootcamp/usecase/users_usecase.go:56.53,58.2 1 0
interview_bootcamp/usecase/users_usecase.go:60.73,62.2 1 0
interview_bootcamp/usecase/users_usecase.go:64.79,66.2 1 0
interview_bootcamp/usecase/users_usecase.go:68.67,70.2 1 0
interview_bootcamp/usecase/users_usecase.go:72.61,75.16 2 0
interview_bootcamp/usecase/users_usecase.go:75.16,77.3 1 0
interview_bootcamp/usecase/users_usecase.go:80.2,80.47 1 0
interview_bootcamp/usecase/users_usecase.go:80.47,82.60 2 0
interview_bootcamp/usecase/users_usecase.go:82.60,84.4 1 0
interview_bootcamp/usecase/users_usecase.go:87.2,87.41 1 0
interview_bootcamp/usecase/users_usecase.go:87.41,89.57 2 0
interview_bootcamp/usecase/users_usecase.go:89.57,91.4 1 0
interview_bootcamp/usecase/users_usecase.go:95.2,96.16 2 0
interview_bootcamp/usecase/users_usecase.go:96.16,98.3 1 0
interview_bootcamp/usecase/users_usecase.go:99.2,99.12 1 0
interview_bootcamp/usecase/users_usecase.go:101.101,103.2 1 0
interview_bootcamp/usecase/users_usecase.go:105.51,107.2 1 0
interview_bootcamp/usecase/users_usecase.go:109.69,113.2 1 0
